13:UIImage+ZLPhotoLib.m
return [UIImage imageNamed:[@"ZLPhotoLib.bundle" stringByAppendingPathComponent:[NSString stringWithFormat:@"zl_%@",name]]];
41:LKCreateFunctionView.m
self.icon.image = [UIImage imageNamed:self.iconName];
123:UIButton+Create.m
[self setImage:[UIImage imageNamed:imgName] forState:(UIControlStateSelected)];
101:UIButton+Create.m
[self setImage:[UIImage imageNamed:imgName] forState:(UIControlStateNormal)];
50:LKNoDataView.m
UIImageView *img = [[UIImageView alloc] initWithImage:[UIImage imageNamed:imgStr]];
112:UIButton+Create.m
[self setImage:[UIImage imageNamed:imgName] forState:(UIControlStateHighlighted)];
56:LKVideoCommentAtributeModel.m
UIImage *image = [UIImage imageNamed:emoticon.filename];
79:UIButton+Create.m
[self setBackgroundImage:[UIImage imageNamed:imgName] forState:(UIControlStateHighlighted)];
50:UIImageView+Create.m
self.image = [UIImage imageNamed:HighlightedImageName];
16:UIImageView+Create.m
imageView.image = [UIImage imageNamed:imageName];
39:UIImageView+Create.m
self.image = [UIImage imageNamed:image];
174:LOTLayerContainer.m
image = [UIImage imageNamed:asset.imageName inBundle: asset.assetBundle compatibleWithTraitCollection:nil];
23:UIButton+Create.m
[btn setBackgroundImage:[UIImage imageNamed:bgImageName] forState:UIControlStateNormal];
57:UIButton+LKExtention.m
[btn setImage:[UIImage imageNamed:imgStr] forState:UIControlStateNormal];
51:UIButton+LKExtention.m
[btn setBackgroundImage:[UIImage imageNamed:imgStr] forState:UIControlStateNormal];
20:LKNoDataView.m
UIImageView *img = [[UIImageView alloc] initWithImage:[UIImage imageNamed:imgStr]];
63:UIButton+LKExtention.m
[btn setImage:[UIImage imageNamed:selStr] forState:UIControlStateSelected];
68:UIButton+Create.m
[self setBackgroundImage:[UIImage imageNamed:imgName] forState:(UIControlStateNormal)];
89:UIButton+Create.m
[self setBackgroundImage:[UIImage imageNamed:imgName] forState:(UIControlStateSelected)];
