/SunperFunny/Common/CustomUI/GifEmotion/LKLiveEmotionBundle.bundle/Emoji/LiveEmotion_5.gif
/SunperFunny/Common/CustomUI/GifEmotion/LKLiveEmotionBundle.bundle/Emoji/LiveEmotion_4.gif
/SunperFunny/Common/CustomUI/GifEmotion/LKLiveEmotionBundle.bundle/Emoji/LiveEmotion_7.gif
/SunperFunny/Common/CustomUI/GifEmotion/LKLiveEmotionBundle.bundle/Emoji/LiveEmotion_6.gif
/SunperFunny/Common/CustomUI/GifEmotion/LKLiveEmotionBundle.bundle/Emoji/LiveEmotion_1.gif
/SunperFunny/Common/CustomUI/GifEmotion/LKLiveEmotionBundle.bundle/Emoji/LiveEmotion_3.gif
/SunperFunny/ThirdParts/TZImagePickerController/TZImagePickerController.bundle/MMVideoPreviewPlayHL@2x.png
/SunperFunny/Supporting Files/Assets.xcassets/Group/group_img_head_doblack.imageset/group_img_head_do.png
/SunperFunny/Common/CustomUI/GifEmotion/LKLiveEmotionBundle.bundle/Emoji/LiveEmotion_9.gif
/SunperFunny/Common/CustomUI/GifEmotion/LKLiveEmotionBundle.bundle/Emoji/LiveEmotion_8.gif
/SunperFunny/Supporting Files/Switch_lyrics_guide.gif
/SunperFunny/Supporting Files/Assets.xcassets/VoiceRoom/voiceRoom_icon_wave.imageset/icon_wave@2x.png
/SunperFunny/ThirdParts/TZImagePickerController/TZImagePickerController.bundle/photo_def_photoPickerVc@2x.png
/SunperFunny/Supporting Files/Assets.xcassets/Default/default_arrow_right_gray.imageset/arrow_right_gray@2x.png
/SunperFunny/Supporting Files/Assets.xcassets/Home/home_public_eyeclose_ah.imageset/public_eyeclose_ah.png
/SunperFunny/Supporting Files/Assets.xcassets/Music/music_share_logo.imageset/music_share_logo@2x.png
/SunperFunny/Supporting Files/Assets.xcassets/VoiceRoom/voiceRoom_door_white_do.imageset/label_door_white_do@2x.png
/SunperFunny/Supporting Files/Assets.xcassets/VoiceRoom/voiceRoom_textbg_down.imageset/video_textbg_down@2x.png
/SunperFunny/Classes/VoiceRoom/Controllers/Views/GifEmotion/source/静图/亲亲@3x.png
/SunperFunny/Common/CustomUI/GifEmotion/LKLiveEmotionBundle.bundle/Emoji/LiveEmotion_2.gif
/SunperFunny/Classes/VoiceRoom/Controllers/Views/GifEmotion/source/静图/泪奔@2x.png
/SunperFunny/Supporting Files/Assets.xcassets/VoiceRoom/voiceRoom_device.imageset/voiceRoom_device@2x.png
/SunperFunny/Supporting Files/Assets.xcassets/Profice/profice_threeDimensional.imageset/public_size_normal_bo@2x.png
/SunperFunny/Supporting Files/Assets.xcassets/VoiceRoom/voiceRoom_Look.imageset/一起看@3x.png
/SunperFunny/Supporting Files/Assets.xcassets/Calendar/calendar_hot_red.imageset/calendar_hot_red@2x.png
/SunperFunny/Supporting Files/Assets.xcassets/Profice/profice_popup_right_normal_do.imageset/popup_right_normal_do@2x.png
/SunperFunny/ThirdParts/TZImagePickerController/TZImagePickerController.bundle/photo_original_sel@2x.png
/SunperFunny/Supporting Files/Assets.xcassets/Music/music_details_mylike_red.imageset/music_details_mylike_white@2x.png
/SunperFunny/Supporting Files/Assets.xcassets/VoiceRoom/voiceroom_flow_3x.imageset/voiceroom_flow_3x@2x.png
/SunperFunny/Supporting Files/Assets.xcassets/Music/music_select.imageset/music_select@2x.png
/SunperFunny/Supporting Files/Assets.xcassets/VoiceRoom/voiceRoom_lighton_white.imageset/video_lighton_white@2x.png
/SunperFunny/Supporting Files/Assets.xcassets/VoiceRoom/voiceRoom_luckdraw_normal_do.imageset/voiceRoom_luckdraw_normal_do@2x.png
/SunperFunny/Supporting Files/Assets.xcassets/Home/home_video_bkg_shade.imageset/video_bkg_shade@2x.png
/SunperFunny/Supporting Files/Assets.xcassets/VoiceRoom/UserLevel/user_level_11.imageset/user_level_11@2x.png
/SunperFunny/Supporting Files/Assets.xcassets/VoiceRoom/UserLevel/user_level_10.imageset/user_level_10@2x.png
/SunperFunny/Classes/VoiceRoom/Controllers/Views/GifEmotion/source/静图/亲@2x.png
/SunperFunny/Supporting Files/Assets.xcassets/Music/music_details_create_white.imageset/music_details_create_white@2x.png
/SunperFunny/Supporting Files/Assets.xcassets/Music/music_collect_seleted.imageset/music_collect_seleted@2x.png
/SunperFunny/Supporting Files/Assets.xcassets/VoiceRoom/voiceRoom_signout_red_bb.imageset/float_signout_red_bb@2x.png
/SunperFunny/Supporting Files/Assets.xcassets/VoiceRoom/voiceRoom_chat_white.imageset/voiceRoom_chat_white@2x.png
/Pods/FORScrollViewEmptyAssistant/FORScrollViewEmptyAssistant/Assets/blank_button@2x.png
/SunperFunny/Supporting Files/Assets.xcassets/Voice/voice_public_demon_bo.imageset/public_demon_bo.png
/SunperFunny/Supporting Files/Assets.xcassets/Music/music_datails_share_white.imageset/music_datails_share_white@2x.png
/SunperFunny/Classes/VoiceRoom/Controllers/Views/GifEmotion/source/静图/骰子@2x.png
/SunperFunny/Classes/VoiceRoom/Controllers/Views/GifEmotion/source/静图/委屈@3x.png
/SunperFunny/Supporting Files/Assets.xcassets/VoiceRoom/voiceRoom_music.imageset/路径 1099@2x.png
/SunperFunny/AppDelegate/Classes/VoiceRoom/Views/GifEmotion/source/动图/真心话1.gif
/SunperFunny/Supporting Files/Assets.xcassets/Music/music_popup_album_gray.imageset/music_popup_album_gray@2x.png
/SunperFunny/Supporting Files/Assets.xcassets/Default/default_nav_menu_white.imageset/nav_menu_white@2x.png
/SunperFunny/ThirdParts/TZImagePickerController/TZImagePickerController.bundle/photo_original_def@2x.png
/SunperFunny/Supporting Files/Assets.xcassets/Music/music_details_download_white.imageset/music_details_download_white@2x.png
/SunperFunny/AppDelegate/Classes/VoiceRoom/Views/GifEmotion/source/动图/真心话2.gif
/SunperFunny/Supporting Files/Assets.xcassets/Default/default_home_banner.imageset/27_private_336_1597743751628.jpeg
/SunperFunny/Supporting Files/beauty_video_banner.gif
/SunperFunny/Supporting Files/Assets.xcassets/Profice/profice_demonexchange_bo.imageset/my_demonexchange_bo@2x.png
/SunperFunny/Supporting Files/Assets.xcassets/VoiceRoom/sportsroom_guess_error.imageset/sportsroom_guess_error@2x.png
/SunperFunny/Classes/VoiceRoom/Controllers/Views/GifEmotion/source/静图/托马斯旋@2x.png
/SunperFunny/Supporting Files/Assets.xcassets/VoiceRoom/gift/live_icon_gift_animate_x.imageset/live_icon_gift_animate_x@2x.png
/SunperFunny/Supporting Files/Assets.xcassets/VoiceRoom/voiceRoom_white_ab.imageset/video_white_ab@2x.png
/SunperFunny/Supporting Files/Assets.xcassets/Voice/voice_add_normal_bd.imageset/public_add_normal_bd@2x.png
/SunperFunny/Supporting Files/Assets.xcassets/Home/home_beauty_video_bkg.imageset/beauty_video_bkg@2x.png
/SunperFunny/ThirdParts/LKGamePlatform/Assets/LKResources.bundle/lkgame_public_close_white.png
/SunperFunny/Supporting Files/Assets.xcassets/Music/music_details_randomplay_white.imageset/music_details_randomplay_white@2x.png
/SunperFunny/Supporting Files/Assets.xcassets/Default/default_tabber_home_black_bd.imageset/tabber_home_black_bd@2x.png
/SunperFunny/Classes/VoiceRoom/Controllers/Views/GifEmotion/source/静图/宣你@2x.png
/SunperFunny/Supporting Files/Assets.xcassets/Music/music_popup_trash_gray.imageset/music_popup_trash_gray@2x.png
/SunperFunny/Supporting Files/Assets.xcassets/Home/Animation/Animation_00040.imageset/Animation_00040.png
/SunperFunny/Supporting Files/Assets.xcassets/Home/Animation/Animation_00041.imageset/Animation_00041.png
/SunperFunny/Supporting Files/Assets.xcassets/Music/music_popup_singer_gray.imageset/music_popup_singer_gray@2x.png
/SunperFunny/Supporting Files/Assets.xcassets/Home/Animation/Animation_00043.imageset/Animation_00043.png
/SunperFunny/Supporting Files/Assets.xcassets/Home/Animation/Animation_00044.imageset/Animation_00044.png
/SunperFunny/Supporting Files/Assets.xcassets/VoiceRoom/voiceRoom_concerthall.imageset/Concerthall@2x.png
/SunperFunny/Common/CustomUI/GifEmotion/LKLiveEmotionBundle.bundle/Emoji/LiveEmotion_39.gif
/SunperFunny/Common/CustomUI/GifEmotion/LKLiveEmotionBundle.bundle/Emoji/LiveEmotion_38.gif
/SunperFunny/Common/CustomUI/GifEmotion/LKLiveEmotionBundle.bundle/Emoji/LiveEmotion_37.gif
/SunperFunny/Supporting Files/Assets.xcassets/Music/music_singger_hot.imageset/music_singger_hot@2x.png
/SunperFunny/Common/CustomUI/GifEmotion/LKLiveEmotionBundle.bundle/Emoji/LiveEmotion_35.gif
/SunperFunny/Common/CustomUI/GifEmotion/LKLiveEmotionBundle.bundle/Emoji/LiveEmotion_34.gif
/SunperFunny/Common/CustomUI/GifEmotion/LKLiveEmotionBundle.bundle/Emoji/LiveEmotion_33.gif
/SunperFunny/Common/CustomUI/GifEmotion/LKLiveEmotionBundle.bundle/Emoji/LiveEmotion_32.gif
/SunperFunny/Common/CustomUI/GifEmotion/LKLiveEmotionBundle.bundle/Emoji/LiveEmotion_31.gif
/SunperFunny/Common/CustomUI/GifEmotion/LKLiveEmotionBundle.bundle/Emoji/LiveEmotion_30.gif
/SunperFunny/Supporting Files/Assets.xcassets/VoiceRoom/gift/live_icon_gift_animate_6.imageset/live_icon_gift_animate_6@2x.png
/SunperFunny/Supporting Files/Assets.xcassets/VoiceRoom/voiceRoom_sound_gray.imageset/video_sound_gray@2x.png
/SunperFunny/Supporting Files/Assets.xcassets/VoiceRoom/gift/live_icon_gift_animate_4.imageset/live_icon_gift_animate_4@2x.png
/SunperFunny/Supporting Files/Assets.xcassets/VoiceRoom/gift/live_icon_gift_animate_5.imageset/live_icon_gift_animate_5@2x.png
/SunperFunny/Supporting Files/Assets.xcassets/VoiceRoom/gift/live_icon_gift_animate_2.imageset/live_icon_gift_animate_2@2x.png
/SunperFunny/Supporting Files/Assets.xcassets/VoiceRoom/gift/live_icon_gift_animate_3.imageset/live_icon_gift_animate_3@2x.png
/SunperFunny/Supporting Files/Assets.xcassets/VoiceRoom/gift/live_icon_gift_animate_0.imageset/live_icon_gift_animate_0@2x.png
/SunperFunny/Supporting Files/Assets.xcassets/VoiceRoom/gift/live_icon_gift_animate_1.imageset/live_icon_gift_animate_1@2x.png
/SunperFunny/Supporting Files/Assets.xcassets/Group/group_public_support_red.imageset/public_support_red@2x.png
/SunperFunny/Supporting Files/Assets.xcassets/VoiceRoom/gift/live_icon_gift_animate_8.imageset/live_icon_gift_animate_8@2x.png
/SunperFunny/Supporting Files/Assets.xcassets/VoiceRoom/gift/live_icon_gift_animate_9.imageset/live_icon_gift_animate_9@2x.png
/SunperFunny/Classes/VoiceRoom/Controllers/Views/GifEmotion/source/静图/浪起来@2x.png
/SunperFunny/Common/CustomUI/Emotion/LKKitEmoticon.bundle/Emoji/emoji_18.png
/SunperFunny/Common/CustomUI/Emotion/LKKitEmoticon.bundle/Emoji/emoji_19.png
/SunperFunny/Common/CustomUI/Emotion/LKKitEmoticon.bundle/Emoji/emoji_16.png
/SunperFunny/Supporting Files/Assets.xcassets/Music/music_mine_songlist.imageset/music_my_songlist_black@2x.png
/SunperFunny/Common/CustomUI/Emotion/LKKitEmoticon.bundle/Emoji/emoji_14.png
/SunperFunny/Common/CustomUI/Emotion/LKKitEmoticon.bundle/Emoji/emoji_15.png
/SunperFunny/Common/CustomUI/Emotion/LKKitEmoticon.bundle/Emoji/emoji_12.png
/SunperFunny/ThirdParts/YBImageBrowser/YBImageBrowser.bundle/ybib_save@2x.png
/SunperFunny/Common/CustomUI/Emotion/LKKitEmoticon.bundle/Emoji/emoji_10.png
/SunperFunny/Common/CustomUI/Emotion/LKKitEmoticon.bundle/Emoji/emoji_11.png
/SunperFunny/Supporting Files/Assets.xcassets/Default/default_tabber_keyboard_gray.imageset/default_tabber_keyboard_gray@2x.png
/SunperFunny/Supporting Files/Assets.xcassets/Music/music_details_play_white.imageset/music_details_play_white@2x.png
/SunperFunny/Supporting Files/Assets.xcassets/VoiceRoom/sportsroom_guess_right.imageset/sportsroom_guess_right@2x.png
/SunperFunny/Supporting Files/Assets.xcassets/VoiceRoom/voiceRoom_roommaster_normal_af_samll.imageset/label_roommaster_normal_af_samll@2x.png
/SunperFunny/Supporting Files/Assets.xcassets/VoiceRoom/sportsroom_stopping_label.imageset/sportsroom_stopping_label@2x.png
/SunperFunny/Supporting Files/Assets.xcassets/Home/home_update.imageset/组 3148.png
/SunperFunny/Classes/VoiceRoom/Controllers/Views/GifEmotion/source/静图/宣你@3x.png
/SunperFunny/Supporting Files/Assets.xcassets/VoiceRoom/voiceRoom_slider_th.imageset/room_slider_th@2x.png
/SunperFunny/Supporting Files/Assets.xcassets/VoiceRoom/voiceRoom_zoomin_white.imageset/room_zoomin_white@2x.png
/SunperFunny/Supporting Files/Assets.xcassets/Music/music_multe_select.imageset/music_multe_select@2x.png
/SunperFunny/Classes/VoiceRoom/Controllers/Views/GifEmotion/source/静图/骰子@3x.png
/SunperFunny/Supporting Files/Assets.xcassets/Home/home_close_white_bd.imageset/home_close_white_bd@2x.png
/SunperFunny/Supporting Files/Assets.xcassets/VoiceRoom/voiceRoom_tv_white_bd.imageset/voiceRoom_tv_white_bd.png
/SunperFunny/Supporting Files/Assets.xcassets/VoiceRoom/voiceRoom_music_normal_do.imageset/room_music_normal_do@2x.png
/SunperFunny/Supporting Files/Assets.xcassets/VoiceRoom/voiceroom_sound_white.imageset/voiceroom_sound_white@2x.png
/SunperFunny/Supporting Files/Assets.xcassets/VoiceRoom/voiceRoom_Listen.imageset/一起听@3x.png
/SunperFunny/Supporting Files/Assets.xcassets/Home/home_RedEnvelope.imageset/红包@2x.png
/SunperFunny/Supporting Files/Assets.xcassets/Music/music_find_classification.imageset/music_find_classification@3x-1.png
/SunperFunny/Supporting Files/Assets.xcassets/Music/music_popup_addplay_gray.imageset/music_popup_addplay_gray@2x.png
/SunperFunny/Supporting Files/Assets.xcassets/Music/music_details_sequenceplay_white.imageset/music_details_sequenceplay_white@2x.png
/SunperFunny/Supporting Files/Assets.xcassets/Home/home_bind_gift.imageset/home_bind_gift@2x.png
/SunperFunny/Supporting Files/Assets.xcassets/VoiceRoom/voiceRoom_add_normal.imageset/room_add_normal@2x.png
/SunperFunny/Supporting Files/Assets.xcassets/VoiceRoom/voiceRoom_notice_on_white.imageset/vr_notice_on_white@2x.png
/SunperFunny/Supporting Files/Assets.xcassets/VoiceRoom/voiceRoom_roommaster.imageset/label_roommaster@2x.png
/SunperFunny/Supporting Files/Assets.xcassets/Music/music_find_songlist.imageset/music_find_songlist@2x.png
/SunperFunny/Supporting Files/Assets.xcassets/Default/default_room_default_bkg.imageset/room_default_bkg@2x.png
/SunperFunny/Supporting Files/Assets.xcassets/Profice/profice_myprize_address_cf.imageset/myprize_address_cf@2x.png
/SunperFunny/Classes/VoiceRoom/Controllers/Views/GifEmotion/source/静图/赞@3x.png
/SunperFunny/Supporting Files/Assets.xcassets/Profice/profice_public_add_white_bd.imageset/public_add_white_bd@2x.png
/SunperFunny/Supporting Files/Assets.xcassets/Default/default_nav_menu_white_bd.imageset/nav_menu_white_bd@2x.png
/SunperFunny/Supporting Files/Assets.xcassets/VoiceRoom/voiceRoom_suspend_gray.imageset/video_suspend_gray@2x.png
/SunperFunny/ThirdParts/TZImagePickerController/TZImagePickerController.bundle/preview_number_icon@2x.png
/SunperFunny/Supporting Files/Assets.xcassets/VoiceRoom/GiftNum/live_icon_gift_animate_small_8.imageset/live_icon_gift_animate_small_8@2x.png
/SunperFunny/Supporting Files/Assets.xcassets/VoiceRoom/GiftNum/live_icon_gift_animate_small_9.imageset/live_icon_gift_animate_small_9@2x.png
/SunperFunny/Supporting Files/Assets.xcassets/Music/music_singout_black.imageset/pupop_music_singout_black@2x.png
/SunperFunny/Supporting Files/Assets.xcassets/VoiceRoom/GiftNum/live_icon_gift_animate_small_0.imageset/live_icon_gift_animate_small_0@2x.png
/SunperFunny/Supporting Files/Assets.xcassets/VoiceRoom/voiceRoom_play_white.imageset/filmroom_play_white@2x.png
/SunperFunny/Supporting Files/Assets.xcassets/VoiceRoom/voiceRoom_choosesong.imageset/choosesong@2x.png
/SunperFunny/Supporting Files/Assets.xcassets/VoiceRoom/GiftNum/live_icon_gift_animate_small_3.imageset/live_icon_gift_animate_small_3@2x.png
/SunperFunny/Supporting Files/Assets.xcassets/VoiceRoom/GiftNum/live_icon_gift_animate_small_4.imageset/live_icon_gift_animate_small_4@2x.png
/SunperFunny/Supporting Files/Assets.xcassets/VoiceRoom/GiftNum/live_icon_gift_animate_small_5.imageset/live_icon_gift_animate_small_5@2x.png
/SunperFunny/Supporting Files/Assets.xcassets/VoiceRoom/GiftNum/live_icon_gift_animate_small_6.imageset/live_icon_gift_animate_small_6@2x.png
/SunperFunny/Supporting Files/Assets.xcassets/VoiceRoom/GiftNum/live_icon_gift_animate_small_7.imageset/live_icon_gift_animate_small_7@2x.png
/SunperFunny/Supporting Files/Assets.xcassets/VoiceRoom/public_gantan_gray_af.imageset/public_gantan_gray_af@2x.png
/SunperFunny/Supporting Files/Assets.xcassets/Music/music_playing_red.imageset/popup_playing_red@2x.png
/SunperFunny/Supporting Files/Assets.xcassets/VoiceRoom/UserLevel/user_level_3.imageset/user_level_3@2x.png
/SunperFunny/Supporting Files/Assets.xcassets/VoiceRoom/UserLevel/user_level_2.imageset/user_level_2@2x.png
/SunperFunny/Supporting Files/Assets.xcassets/VoiceRoom/UserLevel/user_level_7.imageset/user_level_7@2x.png
/SunperFunny/Supporting Files/Assets.xcassets/VoiceRoom/UserLevel/user_level_6.imageset/user_level_6@2x.png
/SunperFunny/Supporting Files/Assets.xcassets/VoiceRoom/UserLevel/user_level_5.imageset/user_level_5@2x.png
/SunperFunny/Supporting Files/Assets.xcassets/VoiceRoom/UserLevel/user_level_4.imageset/user_level_4@2x.png
/SunperFunny/Supporting Files/Assets.xcassets/VoiceRoom/UserLevel/user_level_9.imageset/user_level_9@2x.png
/SunperFunny/Supporting Files/Assets.xcassets/VoiceRoom/UserLevel/user_level_8.imageset/user_level_8@2x.png
/SunperFunny/Supporting Files/Assets.xcassets/Group/group_popup_success_white_do.imageset/popup_success_white_do.png
/SunperFunny/Supporting Files/Assets.xcassets/VoiceRoom/voiceRoom_mircoup_onMic.imageset/label_mircoup_onMic@2x.png
/SunperFunny/Supporting Files/Assets.xcassets/VoiceRoom/GiftNum/live_icon_gift_animate_small_1.imageset/live_icon_gift_animate_small_1@2x.png
/SunperFunny/Classes/VoiceRoom/Controllers/Views/GifEmotion/source/静图/挥手@3x.png
/SunperFunny/Supporting Files/Assets.xcassets/VoiceRoom/sportsroom_guess_betted.imageset/sportsroom_guess_betted@2x.png
/SunperFunny/Supporting Files/Assets.xcassets/Profice/profice_award.imageset/public_prize_normal_bo@2x.png
/SunperFunny/Supporting Files/Assets.xcassets/Default/default_refresh_gray_bo.imageset/refresh_gray_bo@2x.png
/SunperFunny/Supporting Files/Assets.xcassets/Profice/profice_exchange_succeeded.imageset/seal_exchange_succeeded@2x.png
/SunperFunny/Supporting Files/Assets.xcassets/VoiceRoom/sportsroom_down_white.imageset/sportsroom_down_white@2x.png
/SunperFunny/Classes/VoiceRoom/Controllers/Views/GifEmotion/source/静图/亲亲@2x.png
/SunperFunny/Supporting Files/Assets.xcassets/Music/music_create_gray.imageset/music_create_gray@2x.png
/SunperFunny/Common/CustomUI/GifEmotion/LKLiveEmotionBundle.bundle/Emoji/LiveEmotion_72.gif
/SunperFunny/Common/CustomUI/GifEmotion/LKLiveEmotionBundle.bundle/Emoji/LiveEmotion_71.gif
/SunperFunny/Common/CustomUI/GifEmotion/LKLiveEmotionBundle.bundle/Emoji/LiveEmotion_70.gif
/SunperFunny/Classes/VoiceRoom/Controllers/Views/GifEmotion/source/静图/打屁股@2x.png
/SunperFunny/Common/CustomUI/Emotion/LKKitEmoticon.bundle/Emoji/emoji_del_pressed@2x.png
/SunperFunny/Supporting Files/Assets.xcassets/Music/music_find_play_white.imageset/music__findout_playbacktimes@2x.png
/SunperFunny/Supporting Files/Assets.xcassets/VoiceRoom/voiceRoom_watchtogether.imageset/watchtogether@2x.png
/SunperFunny/Common/CustomUI/Emotion/LKKitEmoticon.bundle/Emoji/emoji_58.png
/SunperFunny/Common/CustomUI/Emotion/LKKitEmoticon.bundle/Emoji/emoji_59.png
/SunperFunny/Supporting Files/Assets.xcassets/VoiceRoom/voiceRoom_face_normal.imageset/vr_face_normal@2x.png
/SunperFunny/Common/CustomUI/Emotion/LKKitEmoticon.bundle/Emoji/emoji_52.png
/SunperFunny/Common/CustomUI/Emotion/LKKitEmoticon.bundle/Emoji/emoji_53.png
/SunperFunny/Common/CustomUI/Emotion/LKKitEmoticon.bundle/Emoji/emoji_50.png
/SunperFunny/Common/CustomUI/Emotion/LKKitEmoticon.bundle/Emoji/emoji_51.png
/SunperFunny/Common/CustomUI/Emotion/LKKitEmoticon.bundle/Emoji/emoji_56.png
/SunperFunny/Common/CustomUI/Emotion/LKKitEmoticon.bundle/Emoji/emoji_57.png
/SunperFunny/Common/CustomUI/Emotion/LKKitEmoticon.bundle/Emoji/emoji_54.png
/SunperFunny/Common/CustomUI/Emotion/LKKitEmoticon.bundle/Emoji/emoji_55.png
/SunperFunny/Supporting Files/Assets.xcassets/VoiceRoom/sportsroom_ongoing_label.imageset/sportsroom_ongoing_label@2x.png
/SunperFunny/Supporting Files/Assets.xcassets/Profice/profice_wallet.imageset/public_star_normal_bo@2x.png
/SunperFunny/Classes/VoiceRoom/Controllers/Views/GifEmotion/source/静图/举手@3x.png
/SunperFunny/Supporting Files/Assets.xcassets/Home/home_video_play_pause.imageset/video_play_pause@2x.png
/SunperFunny/AppDelegate/Classes/VoiceRoom/Views/LiveStream/LKVideoPlayResource.bundle/icon_videoplayer_landscape@2x.png
/SunperFunny/Supporting Files/Assets.xcassets/Default/default_LaunchScreen.imageset/图层 444@2x.png
/SunperFunny/Supporting Files/Assets.xcassets/Default/default_tabber_calendar_red_bd.imageset/tabber_calendar_red_bd@2x.png
/SunperFunny/Classes/VoiceRoom/Controllers/Views/GifEmotion/source/静图/爆灯@3x.png
/SunperFunny/Supporting Files/Assets.xcassets/Home/Animation/Animation_00038.imageset/Animation_00038.png
/SunperFunny/Classes/VoiceRoom/Controllers/Views/GifEmotion/source/静图/浪起来@3x.png
/SunperFunny/Supporting Files/Assets.xcassets/Login/login_public_close_gray_bo.imageset/public_close_gray_bo.png
/SunperFunny/Supporting Files/Assets.xcassets/Group/group_nav_back_white_bd.imageset/nav_back_white_bd@2x.png
/SunperFunny/Supporting Files/Assets.xcassets/Home/Animation/Animation_00031.imageset/Animation_00031.png
/SunperFunny/Supporting Files/Assets.xcassets/Home/Animation/Animation_00030.imageset/Animation_00030.png
/SunperFunny/Supporting Files/Assets.xcassets/Home/Animation/Animation_00033.imageset/Animation_00033.png
/SunperFunny/Supporting Files/Assets.xcassets/Home/Animation/Animation_00032.imageset/Animation_00032.png
/SunperFunny/Supporting Files/Assets.xcassets/Home/Animation/Animation_00035.imageset/Animation_00035.png
/SunperFunny/Supporting Files/Assets.xcassets/Home/Animation/Animation_00034.imageset/Animation_00034.png
/SunperFunny/Supporting Files/Assets.xcassets/Home/Animation/Animation_00037.imageset/Animation_00037.png
/SunperFunny/Supporting Files/Assets.xcassets/Home/Animation/Animation_00036.imageset/Animation_00036.png
/SunperFunny/Supporting Files/Assets.xcassets/VoiceRoom/voiceRoom_play_red.imageset/video_play_red@2x.png
/SunperFunny/Supporting Files/Assets.xcassets/VoiceRoom/voiceRoom_listentogether.imageset/listentogether@2x.png
/SunperFunny/Supporting Files/Assets.xcassets/Group/group_addicture.imageset/addicture.png
/SunperFunny/Classes/VoiceRoom/Controllers/Views/GifEmotion/source/静图/摇号@3x.png
/SunperFunny/Supporting Files/Assets.xcassets/VoiceRoom/voiceRoom_icon_video_lock.imageset/voiceRoom_icon_video_lock@2x.png
/SunperFunny/Supporting Files/Assets.xcassets/Music/music_mine_menu.imageset/music_menu_gray@2x.png
/SunperFunny/Classes/VoiceRoom/Controllers/Views/GifEmotion/source/静图/爆灯@2x.png
/SunperFunny/Supporting Files/Assets.xcassets/VoiceRoom/voiceRoom_micro_on_white.imageset/vr_micro_on_white@2x.png
/SunperFunny/Common/CustomUI/GifEmotion/LKLiveEmotionBundle.bundle/Emoji/LiveEmotion_54.gif
/SunperFunny/Supporting Files/Assets.xcassets/VoiceRoom/sportsroom_guess_selected.imageset/sportsroom_guess_selected@2x.png
/SunperFunny/Classes/VoiceRoom/Controllers/Views/GifEmotion/source/静图/吃瓜@3x.png
/SunperFunny/Supporting Files/Assets.xcassets/Group/group_public_!_gray_af.imageset/public_!_gray_af@2x.png
/SunperFunny/Supporting Files/Assets.xcassets/VoiceRoom/UserLevel/user_level_12.imageset/user_level_12@2x.png
/SunperFunny/Supporting Files/Assets.xcassets/VoiceRoom/voiceRoom_musice_trash_gray.imageset/musice_trash_gray@2x.png
/SunperFunny/Supporting Files/Assets.xcassets/Profice/profice_notice_bo.imageset/public_notice_normal_bo@2x.png
/SunperFunny/AppDelegate/Classes/VoiceRoom/Views/LiveStream/LKVideoPlayResource.bundle/icon_videoplayer_progress_handler_hightlight@2x.png
/SunperFunny/Supporting Files/Assets.xcassets/Profice/profice_room_slider_thum.imageset/room_slider_thum@2x.png
/Pods/MJRefresh/MJRefresh/MJRefresh.bundle/arrow@2x.png
/SunperFunny/Classes/VoiceRoom/Controllers/Views/GifEmotion/source/静图/旋转@3x.png
/SunperFunny/Supporting Files/Assets.xcassets/Profice/profice_set_normal_bo-2.imageset/public_set_normal_bo@2x.png
/SunperFunny/Supporting Files/Assets.xcassets/Home/home_public_girl_normal_bo.imageset/public_girl_normal_bo@2x.png
/SunperFunny/Supporting Files/Assets.xcassets/Login/login_public_delete_black_ba.imageset/public_delete_black_ba.png
/SunperFunny/Supporting Files/Assets.xcassets/VoiceRoom/voiceRoom_misce_trash_gray.imageset/misce_trash_gray@2x.png
/SunperFunny/Supporting Files/Assets.xcassets/Music/music_popup_close_gray.imageset/music_popup_close_gray@2x.png
/SunperFunny/Supporting Files/Assets.xcassets/Default/default_tabber_voiceroom_black_bd.imageset/tabber_voiceroom_black_bd@2x.png
/SunperFunny/Supporting Files/Assets.xcassets/VoiceRoom/voiceRoom_add_normal-1.imageset/vr_add_normal@2x.png
/SunperFunny/Common/CustomUI/Emotion/LKKitEmoticon.bundle/Emoji/emoj_s_normal@2x.png
/SunperFunny/AppDelegate/Classes/VoiceRoom/Views/LiveStream/LKVideoPlayResource.bundle/icon_videoplayer_pause@2x.png
/SunperFunny/ThirdParts/TZImagePickerController/TZImagePickerController.bundle/photo_number_icon@2x.png
/SunperFunny/Common/CustomUI/GifEmotion/LKLiveEmotionBundle.bundle/Emoji/LiveEmotion_41.gif
/SunperFunny/Supporting Files/Assets.xcassets/VoiceRoom/voiceRoom_select.imageset/public_select@2x.png
/SunperFunny/ThirdParts/TZImagePickerController/TZImagePickerController.bundle/MMVideoPreviewPlay@2x.png
/SunperFunny/Classes/VoiceRoom/Controllers/Views/GifEmotion/source/静图/摇摆@2x.png
/SunperFunny/Supporting Files/Assets.xcassets/Voice/voice_play_wave_normal.imageset/public_play_wave_normal@2x.png
/SunperFunny/Classes/VoiceRoom/Controllers/Views/GifEmotion/source/静图/我错了@3x.png
/SunperFunny/Supporting Files/Assets.xcassets/VoiceRoom/voiceRoom_help_bd.imageset/nav_help_bd@2x.png
/SunperFunny/Supporting Files/Assets.xcassets/VoiceRoom/voiceRoom_icon_video_unlock.imageset/voiceRoom_icon_video_unlock@2x.png
/SunperFunny/Supporting Files/Assets.xcassets/VoiceRoom/voiceRoom_look-1.imageset/路径 1097@2x.png
/SunperFunny/Supporting Files/Assets.xcassets/VoiceRoom/sportsroom_nohave_fo.imageset/img_nohave_fo@2x.png
/SunperFunny/Supporting Files/Assets.xcassets/Login/login_my_head_normal_fo.imageset/my_head_normal_fo.png
/SunperFunny/Supporting Files/voiceRoom_online.gif
/SunperFunny/Supporting Files/Assets.xcassets/Music/music_dragging_gray.imageset/music_dragging_gray@2x.png
/SunperFunny/Supporting Files/Assets.xcassets/Music/music_add_white_bd.imageset/music_add_white_bd@2x.png
/SunperFunny/Classes/VoiceRoom/Controllers/Views/GifEmotion/source/静图/全场最酷@2x.png
/SunperFunny/Supporting Files/Assets.xcassets/Music/music_datails_cdbg.imageset/music_datails_cdbg@2x.png
/SunperFunny/Common/CustomUI/Emotion/LKKitEmoticon.bundle/Emoji/emoji_37.png
/SunperFunny/Supporting Files/Assets.xcassets/VoiceRoom/voiceRoom_recoment_white.imageset/voiceRoom_recoment_white@2x.png
/SunperFunny/Supporting Files/Assets.xcassets/VoiceRoom/voiceRoom_online.dataset/df5c97e8e8354f6796ef93055d13c5c7.gif
/SunperFunny/Supporting Files/Assets.xcassets/Group/group_square_img_default_normal.imageset/square_img_default_normal.png
/SunperFunny/Supporting Files/Assets.xcassets/VoiceRoom/voiceRoom_seat_add.imageset/rv_seat_add@2x.png
/SunperFunny/Supporting Files/Assets.xcassets/Music/music_details_lastsong_white.imageset/music_details_lastsong_white@2x.png
/SunperFunny/Supporting Files/Assets.xcassets/VoiceRoom/voiceRoom_game_gambling.imageset/voiceRoom_game_gambling@2x.png
/SunperFunny/Common/CustomUI/GifEmotion/LKLiveEmotionBundle.bundle/Emoji/LiveEmotion_48.gif
/SunperFunny/Common/CustomUI/GifEmotion/LKLiveEmotionBundle.bundle/Emoji/LiveEmotion_49.gif
/SunperFunny/Common/CustomUI/GifEmotion/LKLiveEmotionBundle.bundle/Emoji/LiveEmotion_42.gif
/SunperFunny/Common/CustomUI/GifEmotion/LKLiveEmotionBundle.bundle/Emoji/LiveEmotion_43.gif
/SunperFunny/Common/CustomUI/GifEmotion/LKLiveEmotionBundle.bundle/Emoji/LiveEmotion_40.gif
/SunperFunny/Supporting Files/Assets.xcassets/VoiceRoom/voiceRoom_menu_gray_more.imageset/nav_menu_gray_more@2x.png
/SunperFunny/Common/CustomUI/GifEmotion/LKLiveEmotionBundle.bundle/Emoji/LiveEmotion_46.gif
/SunperFunny/Common/CustomUI/GifEmotion/LKLiveEmotionBundle.bundle/Emoji/LiveEmotion_47.gif
/SunperFunny/Common/CustomUI/GifEmotion/LKLiveEmotionBundle.bundle/Emoji/LiveEmotion_44.gif
/SunperFunny/Common/CustomUI/GifEmotion/LKLiveEmotionBundle.bundle/Emoji/LiveEmotion_45.gif
/SunperFunny/Supporting Files/Assets.xcassets/Home/home_beauty_menu_bkg.imageset/beauty_menu_bkg@2x.png
/SunperFunny/Classes/VoiceRoom/Controllers/Views/GifEmotion/source/静图/挥手@2x.png
/SunperFunny/Supporting Files/Assets.xcassets/VoiceRoom/voiceRoom_rightHands.imageset/voiceRoom_rightHands@2x.png
/SunperFunny/Supporting Files/Assets.xcassets/VoiceRoom/voiceRoom_up_black.imageset/rv_up_black@2x.png
/SunperFunny/Supporting Files/room_video_guide.gif
/SunperFunny/Supporting Files/Assets.xcassets/VoiceRoom/chat_notice_white.imageset/chat_notice_white@2x.png
/SunperFunny/Supporting Files/Assets.xcassets/Home/home_public_message_normal_bd.imageset/public_message_normal_bd.png
/SunperFunny/Supporting Files/Assets.xcassets/VoiceRoom/voiceRoom_report_white_bf.imageset/menu_report_white_bf@2x.png
/SunperFunny/Classes/VoiceRoom/Controllers/Views/GifEmotion/source/静图/摇号@2x.png
/SunperFunny/Supporting Files/Assets.xcassets/VoiceRoom/voiceRoom_voice.imageset/路径 938@2x.png
/SunperFunny/Supporting Files/Assets.xcassets/VoiceRoom/voiceroom_flow_1x.imageset/voiceroom_flow_1x@2x.png
/SunperFunny/Supporting Files/Assets.xcassets/Default/default_tabber_square_gray_bd.imageset/tabber_square_gray_bd@2x.png
/SunperFunny/ThirdParts/TZImagePickerController/TZImagePickerController.bundle/photo_def_previewVc@2x.png
/SunperFunny/Supporting Files/Assets.xcassets/VoiceRoom/sportroom_newguessproject_float.imageset/sportroom_newguessproject_float@2x.png
/SunperFunny/Supporting Files/Assets.xcassets/VoiceRoom/sportsroom_giveup_label.imageset/sportsroom_giveup_label@2x.png
/SunperFunny/Supporting Files/Assets.xcassets/VoiceRoom/voiceRoom_set_gray_bf.imageset/nav_set_white_bd@2x.png
/SunperFunny/Classes/VoiceRoom/Controllers/Views/GifEmotion/source/静图/抱抱@2x.png
/SunperFunny/Supporting Files/Assets.xcassets/VoiceRoom/voiceRoom_home_normal_fo.imageset/room_home_normal_fo@2x.png
/SunperFunny/Supporting Files/Assets.xcassets/Home/home_public_play_normal.imageset/public_play_normal@2x.png
/SunperFunny/Supporting Files/Assets.xcassets/Profice/profice_public_!_normal_bo.imageset/public_!_normal_bo.png
/SunperFunny/Supporting Files/Assets.xcassets/Voice/voice_search_normal_bd.imageset/public_search_normal_bd@2x.png
/SunperFunny/Supporting Files/Assets.xcassets/Default/default_nav_menu_black_bd.imageset/nav_menu_black_bd.png
/SunperFunny/ThirdParts/TZImagePickerController/TZImagePickerController.bundle/navi_back@2x.png
/SunperFunny/Supporting Files/Assets.xcassets/Default/default_LaunchScreenIcon.imageset/组 1944.png
/SunperFunny/Supporting Files/Assets.xcassets/Default/default_bottomIcon.imageset/组 1945.png
/SunperFunny/Supporting Files/Assets.xcassets/Profice/profice_roomset_normal_bo.imageset/public_roomset_normal_bo@2x.png
/SunperFunny/Supporting Files/Assets.xcassets/Home/home_emoji_del_normal.imageset/home_emoji_del_normal@2x.png
/SunperFunny/Supporting Files/Assets.xcassets/VoiceRoom/voiceRoom_guess_white.imageset/voiceRoom_guess_white@2x.png
/SunperFunny/Supporting Files/Assets.xcassets/VoiceRoom/voiceRoom_menu_signout_white_bf.imageset/menu_signout_white_bf@2x.png
/SunperFunny/Supporting Files/Assets.xcassets/Music/music_mine_recentlyplayed.imageset/music_my_recentlyplayed_black@2x.png
/SunperFunny/Supporting Files/Assets.xcassets/VoiceRoom/voiceRoom_zoomout_white.imageset/filmroom_zoomout_white@2x.png
/SunperFunny/Supporting Files/Assets.xcassets/VoiceRoom/GiftNum/live_icon_gift_animate_small_x.imageset/live_icon_gift_animate_small_x@2x.png
/SunperFunny/Supporting Files/Assets.xcassets/Home/home_beauty_rank_bkg.imageset/beauty_rank_bkg@2x.png
/SunperFunny/Supporting Files/Assets.xcassets/Music/music_create_red.imageset/music_create_red@2x.png
/SunperFunny/Supporting Files/Assets.xcassets/VoiceRoom/voiceroom_flow_2x.imageset/voiceroom_flow_2x@2x.png
/SunperFunny/Supporting Files/Assets.xcassets/VoiceRoom/voiceRoom_icon_off_seat.imageset/icon_off_seat@2x.png
/SunperFunny/Supporting Files/Assets.xcassets/VoiceRoom/voiceRoom_appointment_white.imageset/voiceRoom_appointment_white@2x.png
/SunperFunny/Supporting Files/Assets.xcassets/VoiceRoom/voiceRoom_seat_ban.imageset/vr_seat_ban@2x.png
/SunperFunny/Supporting Files/Assets.xcassets/Default/default_popup_refresh_white_do.imageset/popup_refresh_white_do.png
/SunperFunny/Classes/VoiceRoom/Controllers/Views/GifEmotion/source/静图/坏笑@3x.png
/SunperFunny/Supporting Files/Assets.xcassets/Music/music_datails_musicpole.imageset/music_datails_musicpole@2x.png
/SunperFunny/Supporting Files/Assets.xcassets/Music/music_find_play_red.imageset/music_play_red@2x.png
/SunperFunny/Supporting Files/Assets.xcassets/Music/music_music_play_black.imageset/pupop_music_play_black@2x.png
/SunperFunny/Supporting Files/Assets.xcassets/Music/music_popup_sequenceplay_gray.imageset/music_popup_sequenceplay_gray@2x.png
/SunperFunny/Supporting Files/Assets.xcassets/VoiceRoom/voiceroom_person_gray.imageset/voiceroom_person_gray@2x.png
/SunperFunny/Supporting Files/Assets.xcassets/Default/default_tabber_my_black_bd.imageset/tabber_my_black_bd@2x.png
/SunperFunny/Supporting Files/Assets.xcassets/VoiceRoom/voiceRoom_roomadmin.imageset/label_roomadmin@2x.png
/SunperFunny/Supporting Files/Assets.xcassets/Profice/profice_identityVerifi.imageset/组 1196@2x.png
/SunperFunny/Supporting Files/Assets.xcassets/VoiceRoom/voiceroom_soundoff_white.imageset/voiceroom_soundoff_white@2x.png
/SunperFunny/Supporting Files/Assets.xcassets/Voice/voice_public_Verified_bd.imageset/组 1195@2x.png
/SunperFunny/Supporting Files/Assets.xcassets/Profice/profice_seal_under_review.imageset/seal_under_review.png
/SunperFunny/ThirdParts/TZImagePickerController/TZImagePickerController.bundle/preview_original_def@2x.png
/SunperFunny/Supporting Files/Assets.xcassets/Home/home_img_head_do.imageset/img_myhead-eo.png
/SunperFunny/Classes/VoiceRoom/Controllers/Views/GifEmotion/source/静图/好棒@2x.png
/SunperFunny/Classes/VoiceRoom/Controllers/Views/GifEmotion/source/静图/黑线@3x.png
/SunperFunny/Classes/VoiceRoom/Controllers/Views/GifEmotion/source/静图/真心话@3x.png
/SunperFunny/Supporting Files/Assets.xcassets/Music/music_share_copylink.imageset/music_share_copylink@2x.png
/SunperFunny/Supporting Files/Assets.xcassets/Profice/profice_public_more_gray_af.imageset/public_more_gray_af@2x.png
/SunperFunny/ThirdParts/TZImagePickerController/TZImagePickerController.bundle/takePicture80@2x.png
/SunperFunny/Supporting Files/Assets.xcassets/VoiceRoom/voiceRoom_viedio_time_red.imageset/icon_viedio_time_red@2x.png
/SunperFunny/Supporting Files/Assets.xcassets/VoiceRoom/voiceRoom_misce_topping_gray.imageset/misce_topping_gray@2x.png
/SunperFunny/Common/CustomUI/Emotion/LKKitEmoticon.bundle/Emoji/emoji_49.png
/SunperFunny/Common/CustomUI/Emotion/LKKitEmoticon.bundle/Emoji/emoji_48.png
/SunperFunny/Supporting Files/Assets.xcassets/Home/home_RedEnvelope.imageset/红包@3x.png
/SunperFunny/Common/CustomUI/Emotion/LKKitEmoticon.bundle/Emoji/emoji_45.png
/SunperFunny/Common/CustomUI/Emotion/LKKitEmoticon.bundle/Emoji/emoji_44.png
/SunperFunny/Common/CustomUI/Emotion/LKKitEmoticon.bundle/Emoji/emoji_47.png
/SunperFunny/Common/CustomUI/Emotion/LKKitEmoticon.bundle/Emoji/emoji_46.png
/SunperFunny/Common/CustomUI/Emotion/LKKitEmoticon.bundle/Emoji/emoji_41.png
/SunperFunny/Common/CustomUI/Emotion/LKKitEmoticon.bundle/Emoji/emoji_40.png
/SunperFunny/Common/CustomUI/Emotion/LKKitEmoticon.bundle/Emoji/emoji_43.png
/SunperFunny/Common/CustomUI/Emotion/LKKitEmoticon.bundle/Emoji/emoji_42.png
/SunperFunny/Classes/VoiceRoom/Controllers/Views/GifEmotion/source/静图/举手@2x.png
/SunperFunny/Supporting Files/Assets.xcassets/VoiceRoom/voiceRoom_gift_normal_do.imageset/room_gift_normal_do@2x.png
/SunperFunny/Supporting Files/Assets.xcassets/Home/home_square_img_photo_normal.imageset/square_img_photo_normal.png
/SunperFunny/Supporting Files/Assets.xcassets/Default/default_tabber_calendar_gray_bd.imageset/tabber_calendar_gray_bd@2x.png
/SunperFunny/Supporting Files/Assets.xcassets/Profice/profice_avatar_default.imageset/avatar_default@2x.png
/SunperFunny/Supporting Files/Assets.xcassets/Home/Animation/Animation_00026.imageset/Animation_00026.png
/SunperFunny/Supporting Files/Assets.xcassets/Home/Animation/Animation_00027.imageset/Animation_00027.png
/SunperFunny/Supporting Files/Assets.xcassets/Home/Animation/Animation_00024.imageset/Animation_00024.png
/SunperFunny/Supporting Files/Assets.xcassets/Home/Animation/Animation_00025.imageset/Animation_00025.png
/SunperFunny/Supporting Files/Assets.xcassets/Home/Animation/Animation_00022.imageset/Animation_00022.png
/SunperFunny/Supporting Files/Assets.xcassets/Home/Animation/Animation_00023.imageset/Animation_00023.png
/SunperFunny/Supporting Files/Assets.xcassets/Home/Animation/Animation_00020.imageset/Animation_00020.png
/SunperFunny/Supporting Files/Assets.xcassets/Home/Animation/Animation_00021.imageset/Animation_00021.png
/SunperFunny/Classes/VoiceRoom/Controllers/Views/GifEmotion/source/静图/委屈@2x.png
/SunperFunny/Supporting Files/Assets.xcassets/VoiceRoom/voiceRoom_tp_tv.imageset/voiceRoom_tp_tv.png
/SunperFunny/Classes/VoiceRoom/Controllers/Views/GifEmotion/source/静图/告辞@2x.png
/SunperFunny/Supporting Files/Assets.xcassets/Home/Animation/Animation_00028.imageset/Animation_00028.png
/SunperFunny/Supporting Files/Assets.xcassets/Home/Animation/Animation_00029.imageset/Animation_00029.png
/SunperFunny/Common/CustomUI/GifEmotion/LKLiveEmotionBundle.bundle/Emoji/LiveEmotion_15.gif
/SunperFunny/Common/CustomUI/GifEmotion/LKLiveEmotionBundle.bundle/Emoji/LiveEmotion_14.gif
/SunperFunny/Common/CustomUI/GifEmotion/LKLiveEmotionBundle.bundle/Emoji/LiveEmotion_17.gif
/SunperFunny/Common/CustomUI/GifEmotion/LKLiveEmotionBundle.bundle/Emoji/LiveEmotion_16.gif
/SunperFunny/Common/CustomUI/GifEmotion/LKLiveEmotionBundle.bundle/Emoji/LiveEmotion_11.gif
/SunperFunny/Common/CustomUI/GifEmotion/LKLiveEmotionBundle.bundle/Emoji/LiveEmotion_10.gif
/SunperFunny/Common/CustomUI/GifEmotion/LKLiveEmotionBundle.bundle/Emoji/LiveEmotion_13.gif
/SunperFunny/Common/CustomUI/GifEmotion/LKLiveEmotionBundle.bundle/Emoji/LiveEmotion_12.gif
/SunperFunny/Common/CustomUI/GifEmotion/LKLiveEmotionBundle.bundle/Emoji/LiveEmotion_19.gif
/SunperFunny/Common/CustomUI/GifEmotion/LKLiveEmotionBundle.bundle/Emoji/LiveEmotion_18.gif
/SunperFunny/Common/CustomUI/Emotion/LKKitEmoticon.bundle/Emoji/emoji_38.png
/SunperFunny/Common/CustomUI/Emotion/LKKitEmoticon.bundle/Emoji/emoji_39.png
/SunperFunny/Common/CustomUI/Emotion/LKKitEmoticon.bundle/Emoji/emoji_30.png
/SunperFunny/Common/CustomUI/Emotion/LKKitEmoticon.bundle/Emoji/emoji_31.png
/SunperFunny/Common/CustomUI/Emotion/LKKitEmoticon.bundle/Emoji/emoji_32.png
/SunperFunny/Common/CustomUI/Emotion/LKKitEmoticon.bundle/Emoji/emoji_33.png
/SunperFunny/Common/CustomUI/Emotion/LKKitEmoticon.bundle/Emoji/emoji_34.png
/SunperFunny/Common/CustomUI/Emotion/LKKitEmoticon.bundle/Emoji/emoji_35.png
/SunperFunny/Common/CustomUI/Emotion/LKKitEmoticon.bundle/Emoji/emoji_36.png
/SunperFunny/Supporting Files/Assets.xcassets/Music/music_collect_red.imageset/music_collect_red@2x.png
/SunperFunny/Supporting Files/Assets.xcassets/Home/home_ranked_three.imageset/ranked_three@2x.png
/SunperFunny/Supporting Files/Assets.xcassets/VoiceRoom/voiceRoom_micro_off_gray.imageset/vr_micro_off_gray@2x.png
/SunperFunny/Supporting Files/Assets.xcassets/VoiceRoom/voiceRoom_notice_off_gray.imageset/vr_notice_off_gray@2x.png
/SunperFunny/Supporting Files/Assets.xcassets/Group/group_public_support_normal.imageset/public_support_normal@2x.png
/SunperFunny/Supporting Files/Assets.xcassets/VoiceRoom/UserLevel/user_level_1.imageset/luser_level_1@2x.png
/SunperFunny/Supporting Files/Assets.xcassets/Music/music_popup_voice_red.imageset/music_popup_voice_red@2x.png
/SunperFunny/Supporting Files/Assets.xcassets/Profice/profice_concerned_gray.imageset/profile_concerned_gray@2x.png
/SunperFunny/Supporting Files/Assets.xcassets/Group/group_gif.imageset/组 8872@2x.png
/SunperFunny/Supporting Files/Assets.xcassets/Profice/profice_video_sound_white.imageset/video_sound_white@2x.png
/SunperFunny/Supporting Files/Assets.xcassets/VoiceRoom/public_close_white_bo.imageset/public_close_white_bo@2x.png
/SunperFunny/Supporting Files/Assets.xcassets/Default/default_badge_more.imageset/组 8875@2x.png
/SunperFunny/Classes/VoiceRoom/Controllers/Views/GifEmotion/source/静图/摇摆@3x.png
/SunperFunny/Supporting Files/Assets.xcassets/Home/home_public_close_white_bd.imageset/public_close_white_bd@2x.png
/SunperFunny/Supporting Files/Assets.xcassets/Music/music_details_singleloop_white.imageset/music_details_singleloop_white@2x.png
/SunperFunny/Supporting Files/Assets.xcassets/Default/default_tabber_home_red_bd.imageset/tabber_home_red_bd@2x.png
/SunperFunny/Supporting Files/Assets.xcassets/VoiceRoom/voiceRoom_menu_share_gray_bf.imageset/voiceRoom_menu_share_gray_bf@2x.png
/SunperFunny/Supporting Files/Assets.xcassets/Home/home_functionname_normal_do-1.imageset/home_functionname_normal_do@2x.png
/SunperFunny/Supporting Files/Assets.xcassets/Profice/profice_public_refresh_gray_bo.imageset/public_refresh_gray_bo@2x.png
/SunperFunny/Supporting Files/Assets.xcassets/Music/music_default_series_cover.imageset/music_default_series_cover@2x.png
/SunperFunny/Supporting Files/Assets.xcassets/Default/default_tabber_my_red_bd.imageset/tabber_my_red_bd@2x.png
/SunperFunny/Supporting Files/Assets.xcassets/VoiceRoom/entertainmentRoom_topcover.imageset/蒙版组 67@2x.png
/SunperFunny/Supporting Files/Assets.xcassets/Home/home_video_message_hover.imageset/video_message_hover@2x.png
/SunperFunny/Supporting Files/Assets.xcassets/VoiceRoom/voiceRoom_sportshadow.imageset/voiceRoom_sportshadow.png
/SunperFunny/Supporting Files/Assets.xcassets/VoiceRoom/voiceRoom_face_other.imageset/voiceRoom_face_other@2x.png
/SunperFunny/Supporting Files/Assets.xcassets/Group/group_highlighted_normal.imageset/label_highlighted_normal@2x.png
/SunperFunny/Supporting Files/Assets.xcassets/VoiceRoom/voiceroom_battle_right.imageset/voiceroom_battle_right@2x.png
/SunperFunny/Supporting Files/Assets.xcassets/Home/Animation/Animation_00042.imageset/Animation_00042.png
/SunperFunny/Supporting Files/Assets.xcassets/Profice/profice_age.imageset/public_age_normal_bo@2x.png
/SunperFunny/Supporting Files/Assets.xcassets/VoiceRoom/GiftNum/live_icon_gift_animate_small_2.imageset/live_icon_gift_animate_small_2@2x.png
/SunperFunny/Classes/VoiceRoom/Controllers/Views/GifEmotion/source/静图/全场最酷@3x.png
/SunperFunny/Supporting Files/Assets.xcassets/Home/Vip/public_v10_normal_bo.imageset/lv10@2x.png
/SunperFunny/Supporting Files/Assets.xcassets/Music/music_popup_randomplay_gray.imageset/music_popup_randomplay_gray@2x.png
/SunperFunny/Supporting Files/Assets.xcassets/Profice/profice_public_heart_normal_bo.imageset/public_heart_normal_bo@2x.png
/SunperFunny/Supporting Files/Assets.xcassets/Music/music_find_singer.imageset/music_find_singer@2x.png
/SunperFunny/Supporting Files/Assets.xcassets/Default/default_nav_back_gray.imageset/nav_back_gray@2x.png
/SunperFunny/Common/CustomUI/GifEmotion/LKLiveEmotionBundle.bundle/Emoji/LiveEmotion_36.gif
/SunperFunny/Common/CustomUI/Emotion/LKKitEmoticon.bundle/Emoji/emoji_81.png
/SunperFunny/Common/CustomUI/Emotion/LKKitEmoticon.bundle/Emoji/emoji_80.png
/SunperFunny/Common/CustomUI/Emotion/LKKitEmoticon.bundle/Emoji/emoji_83.png
/SunperFunny/Common/CustomUI/Emotion/LKKitEmoticon.bundle/Emoji/emoji_82.png
/SunperFunny/Common/CustomUI/Emotion/LKKitEmoticon.bundle/Emoji/emoji_85.png
/SunperFunny/Supporting Files/Assets.xcassets/Profice/profice_trends_normal_bo.imageset/public_trends_normal_bo.png
/SunperFunny/ThirdParts/TZImagePickerController/TZImagePickerController.bundle/photo_sel_photoPickerVc@2x.png
/SunperFunny/Supporting Files/Assets.xcassets/Music/music_bg.imageset/cm2_fm_bg-ip6@2x.jpg
/SunperFunny/AppDelegate/Classes/VoiceRoom/Views/LiveStream/LKVideoPlayResource.bundle/icon_editPlay_normal@2x.png
/SunperFunny/Classes/VoiceRoom/Controllers/Views/GifEmotion/source/静图/发火@2x.png
/SunperFunny/Supporting Files/Assets.xcassets/Group/group_nav_message_gray_bd.imageset/nav_message_gray_bd.png
/SunperFunny/Supporting Files/Assets.xcassets/Home/Animation/Animation_00015.imageset/Animation_00015.png
/SunperFunny/Supporting Files/Assets.xcassets/VoiceRoom/voiceRoom_refresh.imageset/voiceRoom_refresh@2x.png
/SunperFunny/Supporting Files/Assets.xcassets/VoiceRoom/gift/live_icon_gift_animate_7.imageset/live_icon_gift_animate_7@2x.png
/SunperFunny/Supporting Files/Assets.xcassets/Profice/profice_accountbinding_normal_bo.imageset/public_accountbinding_normal_bo@2x.png
/SunperFunny/Classes/VoiceRoom/Controllers/Views/GifEmotion/source/静图/好棒@3x.png
/SunperFunny/Common/CustomUI/GifEmotion/LKLiveEmotionBundle.bundle/Emoji/LiveEmotion_58.gif
/SunperFunny/Classes/VoiceRoom/Controllers/Views/GifEmotion/source/静图/真心话@2x.png
/SunperFunny/Supporting Files/Assets.xcassets/VoiceRoom/voiceRoom_sound_red.imageset/video_sound_red@2x.png
/SunperFunny/Common/CustomUI/GifEmotion/LKLiveEmotionBundle.bundle/Emoji/LiveEmotion_51.gif
/SunperFunny/Common/CustomUI/GifEmotion/LKLiveEmotionBundle.bundle/Emoji/LiveEmotion_50.gif
/SunperFunny/Common/CustomUI/GifEmotion/LKLiveEmotionBundle.bundle/Emoji/LiveEmotion_53.gif
/SunperFunny/Common/CustomUI/GifEmotion/LKLiveEmotionBundle.bundle/Emoji/LiveEmotion_52.gif
/SunperFunny/Common/CustomUI/GifEmotion/LKLiveEmotionBundle.bundle/Emoji/LiveEmotion_55.gif
/SunperFunny/Supporting Files/Assets.xcassets/Music/music_menu_cover.imageset/music_menu_cover@2x.png
/SunperFunny/Common/CustomUI/GifEmotion/LKLiveEmotionBundle.bundle/Emoji/LiveEmotion_57.gif
/SunperFunny/Common/CustomUI/GifEmotion/LKLiveEmotionBundle.bundle/Emoji/LiveEmotion_56.gif
/SunperFunny/Supporting Files/Assets.xcassets/Music/music_nav_back_white.imageset/music_nav_back_white@2x.png
/SunperFunny/Supporting Files/Assets.xcassets/VoiceRoom/sportsroom_void_label.imageset/sportsroom_void_label@2x.png
/SunperFunny/ThirdParts/YBImageBrowser/YBImageBrowser.bundle/ybib_loading@2x.png
/SunperFunny/Supporting Files/musicAnimation.gif
/SunperFunny/Supporting Files/Assets.xcassets/Home/home_icon_viedio_time_gray.imageset/icon_viedio_time_gray@2x.png
/SunperFunny/AppDelegate/Classes/VoiceRoom/Views/LiveStream/LKVideoPlayResource.bundle/icon_videoplayer_portrait@2x.png
/SunperFunny/Supporting Files/Assets.xcassets/Music/search_public_down_black_ba.imageset/search_public_down_black_ba@2x.png
/SunperFunny/Common/CustomUI/Emotion/LKKitEmoticon.bundle/Emoji/emoji_74.png
/SunperFunny/Common/CustomUI/Emotion/LKKitEmoticon.bundle/Emoji/emoji_75.png
/SunperFunny/Common/CustomUI/Emotion/LKKitEmoticon.bundle/Emoji/emoji_76.png
/SunperFunny/Common/CustomUI/Emotion/LKKitEmoticon.bundle/Emoji/emoji_77.png
/SunperFunny/Common/CustomUI/Emotion/LKKitEmoticon.bundle/Emoji/emoji_70.png
/SunperFunny/Common/CustomUI/Emotion/LKKitEmoticon.bundle/Emoji/emoji_71.png
/SunperFunny/Common/CustomUI/Emotion/LKKitEmoticon.bundle/Emoji/emoji_72.png
/SunperFunny/Common/CustomUI/Emotion/LKKitEmoticon.bundle/Emoji/emoji_73.png
/SunperFunny/Supporting Files/Assets.xcassets/Group/group_nav_camera_gray_bd.imageset/nav_camera_gray_bd@2x.png
/SunperFunny/Common/CustomUI/Emotion/LKKitEmoticon.bundle/Emoji/emoji_78.png
/SunperFunny/Common/CustomUI/Emotion/LKKitEmoticon.bundle/Emoji/emoji_79.png
/SunperFunny/Supporting Files/Assets.xcassets/VoiceRoom/voiceRoom_default.imageset/public_default@2x.png
/SunperFunny/Supporting Files/Assets.xcassets/Profice/profice_seal_exchange_failed.imageset/seal_exchange_failed.png
/SunperFunny/Supporting Files/Assets.xcassets/Music/music_details_mylike_gray.imageset/music_details_mylike_gray@2x.png
/SunperFunny/Supporting Files/Assets.xcassets/VoiceRoom/gift/live_gift_hit_bkg.imageset/live_gift_hit_bkg@2x.png
/SunperFunny/Supporting Files/Assets.xcassets/VoiceRoom/voiceRoom_close_gray.imageset/room_close_gray@2x.png
/SunperFunny/Supporting Files/Assets.xcassets/VoiceRoom/voiceRoom_video_lightoff_white.imageset/video_lightoff_white@2x.png
/SunperFunny/Supporting Files/Assets.xcassets/Home/Animation/Animation_00019.imageset/Animation_00019.png
/SunperFunny/Supporting Files/Assets.xcassets/Home/Animation/Animation_00018.imageset/Animation_00018.png
/SunperFunny/Supporting Files/Assets.xcassets/Home/Animation/Animation_00017.imageset/Animation_00017.png
/SunperFunny/Supporting Files/Assets.xcassets/Home/Animation/Animation_00016.imageset/Animation_00016.png
/SunperFunny/Supporting Files/Assets.xcassets/Music/music_suspend_black.imageset/pupop_music_suspend_black@2x.png
/SunperFunny/Supporting Files/Assets.xcassets/Home/Animation/Animation_00014.imageset/Animation_00014.png
/SunperFunny/Supporting Files/Assets.xcassets/Home/Animation/Animation_00013.imageset/Animation_00013.png
/SunperFunny/Supporting Files/Assets.xcassets/Home/Animation/Animation_00012.imageset/Animation_00012.png
/SunperFunny/Supporting Files/Assets.xcassets/Home/Animation/Animation_00011.imageset/Animation_00011.png
/SunperFunny/Supporting Files/Assets.xcassets/Home/Animation/Animation_00010.imageset/Animation_00010.png
/SunperFunny/Supporting Files/Assets.xcassets/Login/login_public_down_black_ba.imageset/public_down_black_ba.png
/SunperFunny/Supporting Files/Assets.xcassets/Music/music_fuction_introduce.imageset/music_fuction_introduce@2x.png
/SunperFunny/Supporting Files/Assets.xcassets/Home/home_video_support_hover.imageset/video_support_hover@2x.png
/SunperFunny/Supporting Files/Assets.xcassets/Profice/profice_icon_real_auth.imageset/icon_real_auth@2x.png
/SunperFunny/Supporting Files/Assets.xcassets/Default/default_nav_back_white.imageset/nav_back_white@2x.png
/SunperFunny/Supporting Files/Assets.xcassets/Home/home_cion.imageset/组 1041.png
/SunperFunny/Supporting Files/Assets.xcassets/VoiceRoom/voiceroom_close_white.imageset/voiceroom_close_white@2x.png
/SunperFunny/Supporting Files/Assets.xcassets/VoiceRoom/voiceRoom_rv_down_yellow.imageset/rv_down_yellow@2x.png
/SunperFunny/Common/CustomUI/Emotion/LKKitEmoticon.bundle/Emoji/emoji_17.png
/SunperFunny/Supporting Files/Assets.xcassets/Default/default_public_select_red_bo.imageset/public_select_red_bo@2x.png
/SunperFunny/Classes/VoiceRoom/Controllers/Views/GifEmotion/source/静图/打屁股@3x.png
/SunperFunny/Supporting Files/Assets.xcassets/VoiceRoom/sportsroom_finished_label.imageset/sportsroom_finished_label@2x.png
/SunperFunny/Supporting Files/Assets.xcassets/VoiceRoom/voiceRoom_music_normal_co.imageset/voiceRoom_music_normal_co@2x.png
/SunperFunny/Common/CustomUI/Emotion/LKKitEmoticon.bundle/Emoji/emoji_13.png
/SunperFunny/Supporting Files/Assets.xcassets/VoiceRoom/coin_selection_be.imageset/coin_selection_be@2x.png
/SunperFunny/Classes/VoiceRoom/Controllers/Views/GifEmotion/source/静图/赞@2x.png
/SunperFunny/Supporting Files/Assets.xcassets/VoiceRoom/voiceRoom_micro_forbit.imageset/rv_micro_forbit@2x.png
/SunperFunny/Classes/VoiceRoom/Controllers/Views/GifEmotion/source/静图/激动@2x.png
/SunperFunny/Supporting Files/Assets.xcassets/Default/default_nav_search_gray_bd.imageset/nav_search_gray_bd@2x.png
/SunperFunny/Supporting Files/Assets.xcassets/VoiceRoom/voiceRoom_settop_normal.imageset/label_settop_normal.png
/SunperFunny/Supporting Files/Assets.xcassets/Profice/profice_public_authentication_normal_bo.imageset/public_authentication_normal_bo@2x.png
/SunperFunny/Supporting Files/Assets.xcassets/Music/music_unselected.imageset/music_unselected@2x.png
/SunperFunny/Supporting Files/Assets.xcassets/VoiceRoom/voiceRoom_suspend_red.imageset/video_suspend_red@2x.png
/SunperFunny/Supporting Files/Assets.xcassets/Default/default_head_do.imageset/img_head_do@2x.png
/SunperFunny/Supporting Files/Assets.xcassets/VoiceRoom/voiceRoom_music_close_do.imageset/room_music_close_do@2x.png
/SunperFunny/Classes/VoiceRoom/Controllers/Views/GifEmotion/source/静图/哭笑@3x.png
/SunperFunny/Supporting Files/Assets.xcassets/VoiceRoom/voiceRoom_menu_set_white_bf.imageset/menu_set_white_bf@2x.png
/SunperFunny/Supporting Files/Assets.xcassets/Music/music_popup_singleloop_gray.imageset/music_popup_singleloop_gray@2x.png
/SunperFunny/Supporting Files/Assets.xcassets/Music/music_find_collect.imageset/music_collect_gray@2x.png
/SunperFunny/Classes/VoiceRoom/Controllers/Views/GifEmotion/source/静图/亲@3x.png
/SunperFunny/Supporting Files/Assets.xcassets/Profice/profice_icon_arrow_right_gray.imageset/icon_arrow_right_gray@2x.png
/SunperFunny/Supporting Files/Assets.xcassets/VoiceRoom/voiceRoom_roomadmin_normal_af_small.imageset/label_roomadmin_normal_af_small@2x.png
/SunperFunny/Supporting Files/Assets.xcassets/Home/home_public_activity_normal_bd.imageset/public_activity_normal_bd@2x.png
/SunperFunny/Supporting Files/Assets.xcassets/Login/login_wangzhe.imageset/appicon@2x.png
/SunperFunny/ThirdParts/YBImageBrowser/YBImageBrowser.bundle/ybib_more@2x.png
/SunperFunny/Supporting Files/Assets.xcassets/Home/home_video_support_pressed.imageset/video_support_pressed@2x.png
/SunperFunny/Supporting Files/Assets.xcassets/VoiceRoom/voiceRoom_sports_mask.imageset/voiceRoom_sports_mask@2x.png
/SunperFunny/Supporting Files/Assets.xcassets/Group/group_square_icon_topic.imageset/square_icon_topic@2x.png
/SunperFunny/AppDelegate/Classes/VoiceRoom/Views/GifEmotion/source/动图/骰子/骰子6.gif
/SunperFunny/AppDelegate/Classes/VoiceRoom/Views/GifEmotion/source/动图/骰子/骰子4.gif
/SunperFunny/AppDelegate/Classes/VoiceRoom/Views/GifEmotion/source/动图/骰子/骰子5.gif
/SunperFunny/Supporting Files/Assets.xcassets/VoiceRoom/voiceRoom_Listen.imageset/一起听@2x.png
/SunperFunny/AppDelegate/Classes/VoiceRoom/Views/GifEmotion/source/动图/骰子/骰子3.gif
/SunperFunny/AppDelegate/Classes/VoiceRoom/Views/GifEmotion/source/动图/骰子/骰子1.gif
/SunperFunny/Supporting Files/Assets.xcassets/Home/home_banber.imageset/组 1254.png
/SunperFunny/Supporting Files/Assets.xcassets/Profice/profice_personCenter.imageset/组 1255@2x.png
/SunperFunny/ThirdParts/TZImagePickerController/TZImagePickerController.bundle/photo_sel_previewVc@2x.png
/SunperFunny/Supporting Files/Assets.xcassets/VoiceRoom/voiceRoom_usercard_sendgift.imageset/usercard_sendgift@2x.png
/SunperFunny/Supporting Files/Assets.xcassets/Default/default_arrow_up_black_af.imageset/arrow_up_black_af@2x.png
/SunperFunny/Supporting Files/Assets.xcassets/Profice/profice_v_normal_bo.imageset/public_v_normal_bo.png
/SunperFunny/Supporting Files/Assets.xcassets/Music/music_find_play.imageset/music_find_play@2x.png
/SunperFunny/Supporting Files/Assets.xcassets/Home/home_public_eyeopen_ah.imageset/public_eyeopen_ah.png
/SunperFunny/AppDelegate/Classes/VoiceRoom/Views/GifEmotion/source/动图/打call.gif
/SunperFunny/Supporting Files/Assets.xcassets/Music/music_mine_localmusic.imageset/music_localmusic_black@2x.png
/SunperFunny/Supporting Files/Assets.xcassets/VoiceRoom/voiceRoom_money_normal_do.imageset/room_money_normal_do@2x.png
/SunperFunny/Common/CustomUI/GifEmotion/LKLiveEmotionBundle.bundle/Emoji/LiveEmotion_20.gif
/SunperFunny/Supporting Files/Assets.xcassets/Default/default_tabber_voiceroom_red_bd.imageset/tabber_voiceroom_red_bd.png
/SunperFunny/Common/CustomUI/GifEmotion/LKLiveEmotionBundle.bundle/Emoji/LiveEmotion_22.gif
/SunperFunny/Common/CustomUI/GifEmotion/LKLiveEmotionBundle.bundle/Emoji/LiveEmotion_23.gif
/SunperFunny/Common/CustomUI/GifEmotion/LKLiveEmotionBundle.bundle/Emoji/LiveEmotion_24.gif
/SunperFunny/Common/CustomUI/GifEmotion/LKLiveEmotionBundle.bundle/Emoji/LiveEmotion_25.gif
/SunperFunny/Common/CustomUI/GifEmotion/LKLiveEmotionBundle.bundle/Emoji/LiveEmotion_26.gif
/SunperFunny/Common/CustomUI/GifEmotion/LKLiveEmotionBundle.bundle/Emoji/LiveEmotion_27.gif
/SunperFunny/Common/CustomUI/GifEmotion/LKLiveEmotionBundle.bundle/Emoji/LiveEmotion_28.gif
/SunperFunny/Common/CustomUI/GifEmotion/LKLiveEmotionBundle.bundle/Emoji/LiveEmotion_29.gif
/SunperFunny/Common/CustomUI/Emotion/LKKitEmoticon.bundle/Emoji/emoji_84.png
/SunperFunny/Common/CustomUI/Emotion/LKKitEmoticon.bundle/Emoji/emoji_29.png
/SunperFunny/Common/CustomUI/Emotion/LKKitEmoticon.bundle/Emoji/emoji_28.png
/SunperFunny/Common/CustomUI/Emotion/LKKitEmoticon.bundle/Emoji/emoji_23.png
/SunperFunny/Common/CustomUI/Emotion/LKKitEmoticon.bundle/Emoji/emoji_22.png
/SunperFunny/Common/CustomUI/Emotion/LKKitEmoticon.bundle/Emoji/emoji_21.png
/SunperFunny/Common/CustomUI/Emotion/LKKitEmoticon.bundle/Emoji/emoji_20.png
/SunperFunny/Common/CustomUI/Emotion/LKKitEmoticon.bundle/Emoji/emoji_27.png
/SunperFunny/Common/CustomUI/Emotion/LKKitEmoticon.bundle/Emoji/emoji_26.png
/SunperFunny/Common/CustomUI/Emotion/LKKitEmoticon.bundle/Emoji/emoji_25.png
/SunperFunny/Common/CustomUI/Emotion/LKKitEmoticon.bundle/Emoji/emoji_24.png
/SunperFunny/Common/CustomUI/Emotion/LKKitEmoticon.bundle/Emoji/emoji_4.png
/SunperFunny/Common/CustomUI/Emotion/LKKitEmoticon.bundle/Emoji/emoji_5.png
/SunperFunny/Common/CustomUI/Emotion/LKKitEmoticon.bundle/Emoji/emoji_6.png
/SunperFunny/Common/CustomUI/Emotion/LKKitEmoticon.bundle/Emoji/emoji_7.png
/SunperFunny/Common/CustomUI/Emotion/LKKitEmoticon.bundle/Emoji/emoji_1.png
/SunperFunny/Common/CustomUI/Emotion/LKKitEmoticon.bundle/Emoji/emoji_2.png
/SunperFunny/Common/CustomUI/Emotion/LKKitEmoticon.bundle/Emoji/emoji_3.png
/SunperFunny/ThirdParts/TZImagePickerController/TZImagePickerController.bundle/iCloudError@2x.png
/SunperFunny/Common/CustomUI/Emotion/LKKitEmoticon.bundle/Emoji/emoji_8.png
/SunperFunny/Common/CustomUI/Emotion/LKKitEmoticon.bundle/Emoji/emoji_9.png
/SunperFunny/Supporting Files/Assets.xcassets/Profice/profice_set_normal_bo-1.imageset/public_more_gray_ba.png
/SunperFunny/Supporting Files/Assets.xcassets/VoiceRoom/voiceRoom_nextone_red.imageset/video_nextone_red@2x.png
/SunperFunny/Supporting Files/Assets.xcassets/Default/default_arrow_down_black_af.imageset/arrow_down_black_af@2x.png
/SunperFunny/Supporting Files/Assets.xcassets/Home/home_bind_close.imageset/home_bind_close@2x.png
/SunperFunny/Common/CustomUI/Emotion/LKKitEmoticon.bundle/Emoji/emoj_s_pressed@2x.png
/SunperFunny/Supporting Files/Assets.xcassets/Home/home_video_follow_hover.imageset/video_follow_hover@2x.png
/SunperFunny/Supporting Files/Assets.xcassets/VoiceRoom/voiceRoom_fire_white.imageset/voiceRoom_fire_white.png
/SunperFunny/Supporting Files/Assets.xcassets/Home/Animation/Animation_0009.imageset/Animation_00009.png
/SunperFunny/AppDelegate/Classes/VoiceRoom/Views/GifEmotion/source/动图/骰子/骰子2.gif
/SunperFunny/Supporting Files/Assets.xcassets/Home/home_ranked_two.imageset/ranked_two@2x.png
/SunperFunny/Supporting Files/Assets.xcassets/Home/Vip/public_v5_normal_bo.imageset/lv5.png
/SunperFunny/Supporting Files/Assets.xcassets/Home/Vip/public_v4_normal_bo.imageset/lv4.png
/SunperFunny/Supporting Files/Assets.xcassets/Home/Vip/public_v7_normal_bo.imageset/lv7.png
/SunperFunny/Supporting Files/Assets.xcassets/Home/Vip/public_v6_normal_bo.imageset/lv6.png
/SunperFunny/Supporting Files/Assets.xcassets/Home/Vip/public_v1_normal_bo.imageset/lv1.png
/SunperFunny/Supporting Files/Assets.xcassets/VoiceRoom/voiceRoom_Look.imageset/一起看@2x.png
/SunperFunny/Supporting Files/Assets.xcassets/Home/Vip/public_v3_normal_bo.imageset/lv3.png
/SunperFunny/Supporting Files/Assets.xcassets/Home/Vip/public_v2_normal_bo.imageset/lv2.png
/SunperFunny/Supporting Files/Assets.xcassets/VoiceRoom/voiceroom_anchor_gray.imageset/voiceroom_anchor_gray@2x.png
/SunperFunny/Supporting Files/Assets.xcassets/VoiceRoom/voiceRoom_checkbox_sel.imageset/room_checkbox_sel@2x.png
/SunperFunny/Supporting Files/Assets.xcassets/Home/Vip/public_v9_normal_bo.imageset/lv9@2x.png
/SunperFunny/ThirdParts/TZImagePickerController/TZImagePickerController.bundle/takePicture@2x.png
/SunperFunny/Supporting Files/Assets.xcassets/Home/Animation/Animation_00039.imageset/Animation_00039.png
/SunperFunny/Supporting Files/Assets.xcassets/Login/login_popup_nonetwork_white_do.imageset/popup_nonetwork_white_do@2x.png
/SunperFunny/AppDelegate/Classes/VoiceRoom/Views/GifEmotion/source/动图/摇号8张/摇号4.gif
/SunperFunny/Supporting Files/Assets.xcassets/Home/Vip/public_v8_normal_bo.imageset/lv8@2x.png
/SunperFunny/AppDelegate/Classes/VoiceRoom/Views/GifEmotion/source/动图/摇号8张/摇号5.gif
/SunperFunny/Supporting Files/Assets.xcassets/VoiceRoom/voiceRoom_lain.imageset/room_lain@2x.png
/SunperFunny/Classes/VoiceRoom/Controllers/Views/GifEmotion/source/静图/吃瓜@2x.png
/SunperFunny/Classes/VoiceRoom/Controllers/Views/GifEmotion/source/静图/告辞@3x.png
/SunperFunny/Supporting Files/Assets.xcassets/VoiceRoom/voiceRoom_details_white.imageset/voiceRoom_details_white@2x.png
/SunperFunny/Supporting Files/Assets.xcassets/Home/home_ranked_one.imageset/ranked_one@2x.png
/SunperFunny/Supporting Files/Assets.xcassets/VoiceRoom/voiceRoom_tp_tvtp_tv.imageset/voiceRoom_tp_tvtp_tv@2x.png
/SunperFunny/Supporting Files/Assets.xcassets/Home/home_emoji_del_pressed.imageset/home_emoji_del_pressed@2x.png
/SunperFunny/Supporting Files/Assets.xcassets/Music/video_play_gray.imageset/video_play_gray@2x.png
/SunperFunny/AppDelegate/Classes/VoiceRoom/Views/GifEmotion/source/动图/摇号8张/摇号3.gif
/SunperFunny/Classes/VoiceRoom/Controllers/Views/GifEmotion/source/静图/抱抱@3x.png
/SunperFunny/Classes/VoiceRoom/Controllers/Views/GifEmotion/source/静图/哭笑@2x.png
/SunperFunny/Supporting Files/Assets.xcassets/VoiceRoom/voiceRoom_gift_video.imageset/voiceRoom_gift_video@2x.png
/SunperFunny/Classes/VoiceRoom/Controllers/Views/GifEmotion/source/静图/泪奔@3x.png
/SunperFunny/Supporting Files/Assets.xcassets/Music/music_details_nextsong_white.imageset/music_details_nextsong_white@2x.png
/SunperFunny/Classes/VoiceRoom/Controllers/Views/GifEmotion/source/静图/我错了@2x.png
/SunperFunny/Supporting Files/Assets.xcassets/VoiceRoom/voiceRoom_usercard_flirt.imageset/usercard_ flirt@2x.png
/SunperFunny/Supporting Files/Assets.xcassets/Music/music_details_songlist_white.imageset/music_details_songlist_white@2x.png
/SunperFunny/Supporting Files/Assets.xcassets/Music/music_popup_create_gray.imageset/music_popup_create_gray@2x.png
/SunperFunny/Common/CustomUI/GifEmotion/LKLiveEmotionBundle.bundle/Emoji/LiveEmotion_64.gif
/SunperFunny/Common/CustomUI/GifEmotion/LKLiveEmotionBundle.bundle/Emoji/LiveEmotion_65.gif
/SunperFunny/Common/CustomUI/GifEmotion/LKLiveEmotionBundle.bundle/Emoji/LiveEmotion_66.gif
/SunperFunny/Common/CustomUI/GifEmotion/LKLiveEmotionBundle.bundle/Emoji/LiveEmotion_67.gif
/SunperFunny/Common/CustomUI/GifEmotion/LKLiveEmotionBundle.bundle/Emoji/LiveEmotion_60.gif
/SunperFunny/Common/CustomUI/GifEmotion/LKLiveEmotionBundle.bundle/Emoji/LiveEmotion_61.gif
/SunperFunny/Common/CustomUI/GifEmotion/LKLiveEmotionBundle.bundle/Emoji/LiveEmotion_62.gif
/SunperFunny/Common/CustomUI/GifEmotion/LKLiveEmotionBundle.bundle/Emoji/LiveEmotion_63.gif
/SunperFunny/Supporting Files/Assets.xcassets/VoiceRoom/voiceRoom_roommanagement_white_bf.imageset/menu_roommanagement_white_bf@2x.png
/SunperFunny/Supporting Files/Assets.xcassets/VoiceRoom/voiceRoom_textbg_up.imageset/video_textbg_up@2x.png
/SunperFunny/Common/CustomUI/GifEmotion/LKLiveEmotionBundle.bundle/Emoji/LiveEmotion_68.gif
/SunperFunny/Common/CustomUI/GifEmotion/LKLiveEmotionBundle.bundle/Emoji/LiveEmotion_69.gif
/SunperFunny/Supporting Files/Assets.xcassets/Login/login_public_camera_white_bo.imageset/public_camera_white_bo.png
/SunperFunny/Supporting Files/Assets.xcassets/Group/group_tabber_face_normal_bd.imageset/tabber_face_normal_bd.png
/SunperFunny/Supporting Files/Assets.xcassets/Group/group_public_message_normal.imageset/public_message_normal.png
/SunperFunny/Supporting Files/Assets.xcassets/Default/default_voiceHome_banner.imageset/27_private_336_1597743753254.png
/SunperFunny/ThirdParts/TZImagePickerController/TZImagePickerController.bundle/VideoSendIcon@2x.png
/SunperFunny/Common/CustomUI/Emotion/LKKitEmoticon.bundle/Emoji/emoji_67.png
/SunperFunny/Common/CustomUI/Emotion/LKKitEmoticon.bundle/Emoji/emoji_66.png
/SunperFunny/Common/CustomUI/Emotion/LKKitEmoticon.bundle/Emoji/emoji_65.png
/SunperFunny/Common/CustomUI/Emotion/LKKitEmoticon.bundle/Emoji/emoji_64.png
/SunperFunny/Common/CustomUI/Emotion/LKKitEmoticon.bundle/Emoji/emoji_63.png
/SunperFunny/Common/CustomUI/Emotion/LKKitEmoticon.bundle/Emoji/emoji_62.png
/SunperFunny/Common/CustomUI/Emotion/LKKitEmoticon.bundle/Emoji/emoji_61.png
/SunperFunny/Common/CustomUI/Emotion/LKKitEmoticon.bundle/Emoji/emoji_60.png
/SunperFunny/Common/CustomUI/Emotion/LKKitEmoticon.bundle/Emoji/emoji_69.png
/SunperFunny/Common/CustomUI/Emotion/LKKitEmoticon.bundle/Emoji/emoji_68.png
/SunperFunny/Common/CustomUI/GifEmotion/LKLiveEmotionBundle.bundle/Emoji/LiveEmotion_21.gif
/SunperFunny/Supporting Files/Assets.xcassets/Home/home_public_boy_normal_bo.imageset/public_boy_normal_bo@2x.png
/SunperFunny/AppDelegate/Classes/VoiceRoom/Views/LiveStream/LKVideoPlayResource.bundle/icon_videoplayer_progress_handler_normal@2x.png
/SunperFunny/Supporting Files/Assets.xcassets/Home/home_openRedEnvelope.imageset/组 1757@2x.png
/SunperFunny/Supporting Files/Assets.xcassets/Group/group_nav_menu_gray_bo.imageset/nav_menu_gray_bo@2x.png
/SunperFunny/Supporting Files/Assets.xcassets/Home/Animation/Animation_0008.imageset/Animation_00008.png
/SunperFunny/Classes/VoiceRoom/Controllers/Views/GifEmotion/source/静图/托马斯旋@3x.png
/SunperFunny/Supporting Files/Assets.xcassets/VoiceRoom/voiceRoom_leftHands.imageset/voiceRoom_leftHands@2x.png
/SunperFunny/Supporting Files/Assets.xcassets/Home/Animation/Animation_0004.imageset/Animation_00004.png
/SunperFunny/Supporting Files/Assets.xcassets/Home/Animation/Animation_0005.imageset/Animation_00005.png
/SunperFunny/Supporting Files/Assets.xcassets/Home/Animation/Animation_0006.imageset/Animation_00006.png
/SunperFunny/Supporting Files/Assets.xcassets/Home/Animation/Animation_0007.imageset/Animation_00007.png
/SunperFunny/Supporting Files/Assets.xcassets/Home/Animation/Animation_0001.imageset/Animation_00001.png
/SunperFunny/Supporting Files/Assets.xcassets/Home/Animation/Animation_0002.imageset/Animation_00002.png
/SunperFunny/Supporting Files/Assets.xcassets/Home/Animation/Animation_0003.imageset/Animation_00003.png
/SunperFunny/Supporting Files/Assets.xcassets/VoiceRoom/entertainmentRoom_bottomcover.imageset/矩形 2598@2x.png
/SunperFunny/Common/CustomUI/GifEmotion/LKLiveEmotionBundle.bundle/Emoji/LiveEmotion_59.gif
/SunperFunny/AppDelegate/Classes/VoiceRoom/Views/GifEmotion/source/动图/摇号8张/摇号6.gif
/SunperFunny/AppDelegate/Classes/VoiceRoom/Views/GifEmotion/source/动图/摇号8张/摇号7.gif
/SunperFunny/AppDelegate/Classes/VoiceRoom/Views/GifEmotion/source/动图/摇号8张/摇号1.gif
/SunperFunny/AppDelegate/Classes/VoiceRoom/Views/GifEmotion/source/动图/摇号8张/摇号2.gif
/SunperFunny/Supporting Files/Assets.xcassets/Default/default_nav_back.imageset/nav_back@2x.png
/SunperFunny/Common/CustomUI/Emotion/LKKitEmoticon.bundle/Emoji/emoji_del_normal@2x.png
/SunperFunny/Classes/VoiceRoom/Controllers/Views/GifEmotion/source/静图/黑线@2x.png
/SunperFunny/AppDelegate/Classes/VoiceRoom/Views/GifEmotion/source/动图/摇号8张/摇号8.gif
/SunperFunny/Classes/VoiceRoom/Controllers/Views/GifEmotion/source/静图/坏笑@2x.png
/SunperFunny/Supporting Files/Assets.xcassets/Music/music_popup_nextsong_gray.imageset/music_popup_nextsong_gray@2x.png
/SunperFunny/Supporting Files/Assets.xcassets/Default/default_public_normal_gray_bo.imageset/public_normal_gray_bo@2x.png
/SunperFunny/Classes/VoiceRoom/Controllers/Views/GifEmotion/source/静图/旋转@2x.png
/SunperFunny/Supporting Files/Assets.xcassets/Music/music_details_suspend_white.imageset/music_details_suspend_white@2x.png
/SunperFunny/Classes/VoiceRoom/Controllers/Views/GifEmotion/source/静图/发火@3x.png
/SunperFunny/Classes/VoiceRoom/Controllers/Views/GifEmotion/source/静图/激动@3x.png
